#
# A fatal error has been detected by the Java Runtime Environment:
#
#  EXCEPTION_ACCESS_VIOLATION (0xc0000005) at pc=0x000000006ec5b0c3, pid=60176, tid=59224
#
# JRE version: Java(TM) SE Runtime Environment (8.0_05-b13) (build 1.8.0_05-b13)
# Java VM: Java HotSpot(TM) 64-Bit Server VM (25.5-b02 mixed mode windows-amd64 compressed oops)
# Problematic frame:
# V  [jvm.dll+0x6b0c3]
#
# Failed to write core dump. Minidumps are not enabled by default on client versions of Windows
#
# If you would like to submit a bug report, please visit:
#   http://bugreport.sun.com/bugreport/crash.jsp
#

---------------  T H R E A D  ---------------

Current thread (0x0000000014815800):  VMThread [stack: 0x00000000158a0000,0x00000000159a0000] [id=59224]

siginfo: ExceptionCode=0xc0000005, reading address 0x00000000ca570fe8

Registers:
RAX=0x000000006f1f9d10, RBX=0x00000000ca570fd8, RCX=0x000000001599f3f0, RDX=0x00000000c0b9c4b8
RSP=0x000000001599f250, RBP=0x000000001599f390, RSI=0x000000001599f3f0, RDI=0x0000000019959348
R8 =0x00000000146b0080, R9 =0x0000000000000000, R10=0x0000000000000001, R11=0x000000001599f238
R12=0x000000000000455b, R13=0x0000000000022ad8, R14=0x000000006f363fc8, R15=0x0000000000000000
RIP=0x000000006ec5b0c3, EFLAGS=0x0000000000010206

Top of Stack: (sp=0x000000001599f250)
0x000000001599f250:   00000000020802d0 000000006ee5b6cc
0x000000001599f260:   000000001599f4c8 000000001599f390
0x000000001599f270:   000000006f363e60 000000006f1f9d58
0x000000001599f280:   0000000002082860 000000006efc2b91
0x000000001599f290:   0000000002168880 000000001599f390
0x000000001599f2a0:   00000000020802d0 0000000000000004
0x000000001599f2b0:   000000006f363e60 0000000000000000
0x000000001599f2c0:   000000006f363e60 000000006d79d701
0x000000001599f2d0:   0000000004776101 000000006ee5a901
0x000000001599f2e0:   0000000a01d5aa01 000000000208e7f0
0x000000001599f2f0:   0000000002082860 0000000002168880
0x000000001599f300:   000000006f1f9d48 0000000002168880
0x000000001599f310:   000000000208e880 0000000000000000
0x000000001599f320:   000000000000007d 0000000000000228
0x000000001599f330:   0000000000000002 0000000014814700
0x000000001599f340:   00000000020802d0 000000097c1b1998 

Instructions: (pc=0x000000006ec5b0c3)
0x000000006ec5b0a3:   08 49 63 c4 4b 8b 5c 05 00 49 8d 3c c0 48 85 db
0x000000006ec5b0b3:   74 5c 66 66 66 0f 1f 84 00 00 00 00 00 49 8b 06
0x000000006ec5b0c3:   48 8b 53 10 49 8b ce ff 10 84 c0 74 18 48 85 f6
0x000000006ec5b0d3:   74 0d 48 8b 06 48 8d 53 10 48 8b ce ff 50 08 48 


Register to memory mapping:

RAX=0x000000006f1f9d10 is an unknown value
RBX=0x00000000ca570fd8 is an unallocated location in the heap
RCX=0x000000001599f3f0 is an unknown value
RDX=0x00000000c0b9c4b8 is an oop
java.lang.String 
 - klass: 'java/lang/String'
RSP=0x000000001599f250 is an unknown value
RBP=0x000000001599f390 is an unknown value
RSI=0x000000001599f3f0 is an unknown value
RDI=0x0000000019959348 is an unknown value
R8 =0x00000000146b0080 is an unknown value
R9 =0x0000000000000000 is an unknown value
R10=0x0000000000000001 is an unknown value
R11=0x000000001599f238 is an unknown value
R12=0x000000000000455b is an unknown value
R13=0x0000000000022ad8 is an unknown value
R14=0x000000006f363fc8 is an unknown value
R15=0x0000000000000000 is an unknown value


Stack: [0x00000000158a0000,0x00000000159a0000],  sp=0x000000001599f250,  free space=1020k
Native frames: (J=compiled Java code, j=interpreted, Vv=VM code, C=native code)
V  [jvm.dll+0x6b0c3]
V  [jvm.dll+0x3d2b91]
V  [jvm.dll+0x3d3270]
V  [jvm.dll+0x3c2d04]
V  [jvm.dll+0x3d58d6]
V  [jvm.dll+0x229aa7]
V  [jvm.dll+0x228ce6]
V  [jvm.dll+0x229181]
V  [jvm.dll+0x22939e]
V  [jvm.dll+0x27baca]
C  [msvcr100.dll+0x21d9f]
C  [msvcr100.dll+0x21e3b]
C  [KERNEL32.DLL+0x13d2]
C  [ntdll.dll+0x154e4]

VM_Operation (0x0000000018618bb0): ParallelGCFailedAllocation, mode: safepoint, requested by thread 0x000000001af2a000


---------------  P R O C E S S  ---------------

Java Threads: ( => current thread )
  0x000000001af2d800 JavaThread "Stdin handler" [_thread_blocked, id=66712, stack(0x0000000018620000,0x0000000018720000)]
  0x000000001af2a000 JavaThread "Daemon worker Thread 12" [_thread_blocked, id=66968, stack(0x0000000018520000,0x0000000018620000)]
  0x000000001af27800 JavaThread "Cancel handler" [_thread_blocked, id=64160, stack(0x0000000018420000,0x0000000018520000)]
  0x000000001af27000 JavaThread "Handler for socket connection from /127.0.0.1:56976 to /127.0.0.1:49261" [_thread_in_native, id=65000, stack(0x0000000018120000,0x0000000018220000)]
  0x000000001af29000 JavaThread "Daemon Thread 12" [_thread_blocked, id=62908, stack(0x0000000018020000,0x0000000018120000)]
  0x00000000172a5800 JavaThread "File lock request listener" [_thread_in_native, id=60360, stack(0x0000000018b20000,0x0000000018c20000)]
  0x000000001706a800 JavaThread "Incoming local TCP Connector on port 56976" [_thread_in_native, id=60076, stack(0x0000000016ea0000,0x0000000016fa0000)]
  0x0000000015c29000 JavaThread "Service Thread" daemon [_thread_blocked, id=58764, stack(0x00000000164a0000,0x00000000165a0000)]
  0x0000000014878000 JavaThread "C1 CompilerThread2" daemon [_thread_blocked, id=58692, stack(0x00000000163a0000,0x00000000164a0000)]
  0x0000000014875000 JavaThread "C2 CompilerThread1" daemon [_thread_blocked, id=59152, stack(0x00000000162a0000,0x00000000163a0000)]
  0x000000001486f800 JavaThread "C2 CompilerThread0" daemon [_thread_blocked, id=60056, stack(0x00000000161a0000,0x00000000162a0000)]
  0x0000000014864800 JavaThread "Attach Listener" daemon [_thread_blocked, id=58884, stack(0x00000000160a0000,0x00000000161a0000)]
  0x0000000015be3000 JavaThread "Signal Dispatcher" daemon [_thread_blocked, id=59948, stack(0x0000000015fa0000,0x00000000160a0000)]
  0x0000000002175800 JavaThread "Finalizer" daemon [_thread_blocked, id=59812, stack(0x0000000015aa0000,0x0000000015ba0000)]
  0x0000000014817800 JavaThread "Reference Handler" daemon [_thread_blocked, id=58380, stack(0x00000000159a0000,0x0000000015aa0000)]
  0x0000000001d5e000 JavaThread "main" [_thread_blocked, id=58788, stack(0x0000000001bf0000,0x0000000001cf0000)]

Other Threads:
=>0x0000000014815800 VMThread [stack: 0x00000000158a0000,0x00000000159a0000] [id=59224]
  0x00000000148ae800 WatcherThread [stack: 0x00000000165a0000,0x00000000166a0000] [id=60096]

VM state:at safepoint (normal execution)

VM Mutex/Monitor currently owned by a thread:  ([mutex/lock_event])
[0x0000000001d5d470] Threads_lock - owner thread: 0x0000000014815800
[0x0000000001d5cf70] Heap_lock - owner thread: 0x000000001af2a000

Heap:
 PSYoungGen      total 110592K, used 82432K [0x00000000eab00000, 0x00000000f3800000, 0x0000000100000000)
  eden space 82432K, 100% used [0x00000000eab00000,0x00000000efb80000,0x00000000efb80000)
  from space 28160K, 0% used [0x00000000efb80000,0x00000000efb80000,0x00000000f1700000)
  to   space 28160K, 14% used [0x00000000f1c80000,0x00000000f2094518,0x00000000f3800000)
 ParOldGen       total 91648K, used 73184K [0x00000000c0000000, 0x00000000c5980000, 0x00000000eab00000)
  object space 91648K, 79% used [0x00000000c0000000,0x00000000c4778108,0x00000000c5980000)
 Metaspace       used 59683K, capacity 65228K, committed 65536K, reserved 1105920K
  class space    used 8129K, capacity 9650K, committed 9728K, reserved 1048576K

Card table byte_map: [0x0000000011540000,0x0000000011750000] byte_map_base: 0x0000000010f40000

Marking Bits: (ParMarkBitMap*) 0x000000006f3a13b0
 Begin Bits: [0x0000000011cb0000, 0x0000000012cb0000)
 End Bits:   [0x0000000012cb0000, 0x0000000013cb0000)

Polling page: 0x0000000000370000

CodeCache: size=245760Kb used=48700Kb max_used=48841Kb free=197059Kb
 bounds [0x0000000002180000, 0x0000000005180000, 0x0000000011180000]
 total_blobs=13476 nmethods=12766 adapters=620
 compilation: enabled

Compilation events (10 events):
Event: 17421.215 Thread 0x0000000014878000 nmethod 16684 0x0000000002c32990 code [0x0000000002c32be0, 0x0000000002c33888]
Event: 17421.216 Thread 0x0000000014878000 16685       3       org.codehaus.groovy.runtime.callsite.PojoMetaMethodSite::invoke (14 bytes)
Event: 17421.216 Thread 0x0000000014878000 nmethod 16685 0x000000000254a710 code [0x000000000254a880, 0x000000000254aad8]
Event: 17421.217 Thread 0x0000000014878000 16686   !   3       sun.reflect.GeneratedMethodAccessor42::invoke (67 bytes)
Event: 17421.217 Thread 0x0000000014878000 nmethod 16686 0x0000000003e03510 code [0x0000000003e036e0, 0x0000000003e03e58]
Event: 17421.246 Thread 0x0000000014875000 16687       4       org.gradle.api.internal.ConventionAwareHelper::map (62 bytes)
Event: 17421.268 Thread 0x0000000014878000 16688       3       com.sun.proxy.$Proxy21::<init> (6 bytes)
Event: 17421.268 Thread 0x0000000014878000 nmethod 16688 0x0000000002cc6890 code [0x0000000002cc6a20, 0x0000000002cc6d88]
Event: 17421.268 Thread 0x0000000014878000 16689   !   3       com.sun.proxy.$Proxy21::annotationType (29 bytes)
Event: 17421.269 Thread 0x0000000014878000 nmethod 16689 0x00000000026d8110 code [0x00000000026d82a0, 0x00000000026d86b8]

GC Heap History (10 events):
Event: 6983.667 GC heap after
Heap after GC invocations=97 (full 17):
 PSYoungGen      total 110080K, used 4353K [0x00000000eab00000, 0x00000000f2e80000, 0x0000000100000000)
  eden space 86528K, 0% used [0x00000000eab00000,0x00000000eab00000,0x00000000eff80000)
  from space 23552K, 18% used [0x00000000f1780000,0x00000000f1bc0528,0x00000000f2e80000)
  to   space 24064K, 0% used [0x00000000eff80000,0x00000000eff80000,0x00000000f1700000)
 ParOldGen       total 91648K, used 58929K [0x00000000c0000000, 0x00000000c5980000, 0x00000000eab00000)
  object space 91648K, 64% used [0x00000000c0000000,0x00000000c398c5b8,0x00000000c5980000)
 Metaspace       used 57629K, capacity 63024K, committed 63104K, reserved 1103872K
  class space    used 7846K, capacity 9282K, committed 9344K, reserved 1048576K
}
Event: 6989.312 GC heap before
{Heap before GC invocations=98 (full 17):
 PSYoungGen      total 110080K, used 90881K [0x00000000eab00000, 0x00000000f2e80000, 0x0000000100000000)
  eden space 86528K, 100% used [0x00000000eab00000,0x00000000eff80000,0x00000000eff80000)
  from space 23552K, 18% used [0x00000000f1780000,0x00000000f1bc0528,0x00000000f2e80000)
  to   space 24064K, 0% used [0x00000000eff80000,0x00000000eff80000,0x00000000f1700000)
 ParOldGen       total 91648K, used 58929K [0x00000000c0000000, 0x00000000c5980000, 0x00000000eab00000)
  object space 91648K, 64% used [0x00000000c0000000,0x00000000c398c5b8,0x00000000c5980000)
 Metaspace       used 59580K, capacity 65050K, committed 65280K, reserved 1105920K
  class space    used 8121K, capacity 9616K, committed 9728K, reserved 1048576K
Event: 6989.323 GC heap after
Heap after GC invocations=98 (full 17):
 PSYoungGen      total 110592K, used 10011K [0x00000000eab00000, 0x00000000f2e00000, 0x0000000100000000)
  eden space 86528K, 0% used [0x00000000eab00000,0x00000000eab00000,0x00000000eff80000)
  from space 24064K, 41% used [0x00000000eff80000,0x00000000f0946c78,0x00000000f1700000)
  to   space 23552K, 0% used [0x00000000f1700000,0x00000000f1700000,0x00000000f2e00000)
 ParOldGen       total 91648K, used 58937K [0x00000000c0000000, 0x00000000c5980000, 0x00000000eab00000)
  object space 91648K, 64% used [0x00000000c0000000,0x00000000c398e5b8,0x00000000c5980000)
 Metaspace       used 59580K, capacity 65050K, committed 65280K, reserved 1105920K
  class space    used 8121K, capacity 9616K, committed 9728K, reserved 1048576K
}
Event: 6990.395 GC heap before
{Heap before GC invocations=99 (full 17):
 PSYoungGen      total 110592K, used 96539K [0x00000000eab00000, 0x00000000f2e00000, 0x0000000100000000)
  eden space 86528K, 100% used [0x00000000eab00000,0x00000000eff80000,0x00000000eff80000)
  from space 24064K, 41% used [0x00000000eff80000,0x00000000f0946c78,0x00000000f1700000)
  to   space 23552K, 0% used [0x00000000f1700000,0x00000000f1700000,0x00000000f2e00000)
 ParOldGen       total 91648K, used 58937K [0x00000000c0000000, 0x00000000c5980000, 0x00000000eab00000)
  object space 91648K, 64% used [0x00000000c0000000,0x00000000c398e5b8,0x00000000c5980000)
 Metaspace       used 59594K, capacity 65050K, committed 65280K, reserved 1105920K
  class space    used 8121K, capacity 9616K, committed 9728K, reserved 1048576K
Event: 6990.425 GC heap after
Heap after GC invocations=99 (full 17):
 PSYoungGen      total 105984K, used 23521K [0x00000000eab00000, 0x00000000f3800000, 0x0000000100000000)
  eden space 82432K, 0% used [0x00000000eab00000,0x00000000eab00000,0x00000000efb80000)
  from space 23552K, 99% used [0x00000000f1700000,0x00000000f2df8660,0x00000000f2e00000)
  to   space 28160K, 0% used [0x00000000efb80000,0x00000000efb80000,0x00000000f1700000)
 ParOldGen       total 91648K, used 59361K [0x00000000c0000000, 0x00000000c5980000, 0x00000000eab00000)
  object space 91648K, 64% used [0x00000000c0000000,0x00000000c39f85b8,0x00000000c5980000)
 Metaspace       used 59594K, capacity 65050K, committed 65280K, reserved 1105920K
  class space    used 8121K, capacity 9616K, committed 9728K, reserved 1048576K
}
Event: 6997.491 GC heap before
{Heap before GC invocations=100 (full 17):
 PSYoungGen      total 105984K, used 69489K [0x00000000eab00000, 0x00000000f3800000, 0x0000000100000000)
  eden space 82432K, 55% used [0x00000000eab00000,0x00000000ed7e4010,0x00000000efb80000)
  from space 23552K, 99% used [0x00000000f1700000,0x00000000f2df8660,0x00000000f2e00000)
  to   space 28160K, 0% used [0x00000000efb80000,0x00000000efb80000,0x00000000f1700000)
 ParOldGen       total 91648K, used 59361K [0x00000000c0000000, 0x00000000c5980000, 0x00000000eab00000)
  object space 91648K, 64% used [0x00000000c0000000,0x00000000c39f85b8,0x00000000c5980000)
 Metaspace       used 59598K, capacity 65050K, committed 65280K, reserved 1105920K
  class space    used 8121K, capacity 9616K, committed 9728K, reserved 1048576K
Event: 6997.504 GC heap after
Heap after GC invocations=100 (full 17):
 PSYoungGen      total 110592K, used 14781K [0x00000000eab00000, 0x00000000f3800000, 0x0000000100000000)
  eden space 82432K, 0% used [0x00000000eab00000,0x00000000eab00000,0x00000000efb80000)
  from space 28160K, 52% used [0x00000000efb80000,0x00000000f09ef4a0,0x00000000f1700000)
  to   space 28160K, 0% used [0x00000000f1c80000,0x00000000f1c80000,0x00000000f3800000)
 ParOldGen       total 91648K, used 59361K [0x00000000c0000000, 0x00000000c5980000, 0x00000000eab00000)
  object space 91648K, 64% used [0x00000000c0000000,0x00000000c39f85b8,0x00000000c5980000)
 Metaspace       used 59598K, capacity 65050K, committed 65280K, reserved 1105920K
  class space    used 8121K, capacity 9616K, committed 9728K, reserved 1048576K
}
Event: 6997.504 GC heap before
{Heap before GC invocations=101 (full 18):
 PSYoungGen      total 110592K, used 14781K [0x00000000eab00000, 0x00000000f3800000, 0x0000000100000000)
  eden space 82432K, 0% used [0x00000000eab00000,0x00000000eab00000,0x00000000efb80000)
  from space 28160K, 52% used [0x00000000efb80000,0x00000000f09ef4a0,0x00000000f1700000)
  to   space 28160K, 0% used [0x00000000f1c80000,0x00000000f1c80000,0x00000000f3800000)
 ParOldGen       total 91648K, used 59361K [0x00000000c0000000, 0x00000000c5980000, 0x00000000eab00000)
  object space 91648K, 64% used [0x00000000c0000000,0x00000000c39f85b8,0x00000000c5980000)
 Metaspace       used 59598K, capacity 65050K, committed 65280K, reserved 1105920K
  class space    used 8121K, capacity 9616K, committed 9728K, reserved 1048576K
Event: 6998.042 GC heap after
Heap after GC invocations=101 (full 18):
 PSYoungGen      total 110592K, used 0K [0x00000000eab00000, 0x00000000f3800000, 0x0000000100000000)
  eden space 82432K, 0% used [0x00000000eab00000,0x00000000eab00000,0x00000000efb80000)
  from space 28160K, 0% used [0x00000000efb80000,0x00000000efb80000,0x00000000f1700000)
  to   space 28160K, 0% used [0x00000000f1c80000,0x00000000f1c80000,0x00000000f3800000)
 ParOldGen       total 91648K, used 73176K [0x00000000c0000000, 0x00000000c5980000, 0x00000000eab00000)
  object space 91648K, 79% used [0x00000000c0000000,0x00000000c4776108,0x00000000c5980000)
 Metaspace       used 59598K, capacity 65050K, committed 65280K, reserved 1105920K
  class space    used 8121K, capacity 9616K, committed 9728K, reserved 1048576K
}
Event: 17421.272 GC heap before
{Heap before GC invocations=102 (full 18):
 PSYoungGen      total 110592K, used 82432K [0x00000000eab00000, 0x00000000f3800000, 0x0000000100000000)
  eden space 82432K, 100% used [0x00000000eab00000,0x00000000efb80000,0x00000000efb80000)
  from space 28160K, 0% used [0x00000000efb80000,0x00000000efb80000,0x00000000f1700000)
  to   space 28160K, 0% used [0x00000000f1c80000,0x00000000f1c80000,0x00000000f3800000)
 ParOldGen       total 91648K, used 73176K [0x00000000c0000000, 0x00000000c5980000, 0x00000000eab00000)
  object space 91648K, 79% used [0x00000000c0000000,0x00000000c4776108,0x00000000c5980000)
 Metaspace       used 59683K, capacity 65228K, committed 65536K, reserved 1105920K
  class space    used 8129K, capacity 9650K, committed 9728K, reserved 1048576K

Deoptimization events (10 events):
Event: 17420.309 Thread 0x000000001af29000 Uncommon trap: reason=class_check action=maybe_recompile pc=0x0000000004eb5754 method=java.lang.reflect.Array.newInstance(Ljava/lang/Class;I)Ljava/lang/Object; @ 2
Event: 17420.403 Thread 0x000000001af2a000 Uncommon trap: reason=array_check action=maybe_recompile pc=0x000000000463b9a0 method=java.util.TimSort.binarySort([Ljava/lang/Object;IIILjava/util/Comparator;)V @ 183
Event: 17420.546 Thread 0x000000001af2a000 Uncommon trap: reason=class_check action=maybe_recompile pc=0x0000000002cc8f78 method=com.sun.org.apache.xerces.internal.parsers.AbstractSAXParser$AttributesProxy.getLength()I @ 4
Event: 17420.547 Thread 0x000000001af2a000 Uncommon trap: reason=class_check action=maybe_recompile pc=0x0000000002cc8f78 method=com.sun.org.apache.xerces.internal.parsers.AbstractSAXParser$AttributesProxy.getLength()I @ 4
Event: 17420.547 Thread 0x000000001af2a000 Uncommon trap: reason=class_check action=maybe_recompile pc=0x0000000002cc8f78 method=com.sun.org.apache.xerces.internal.parsers.AbstractSAXParser$AttributesProxy.getLength()I @ 4
Event: 17420.547 Thread 0x000000001af2a000 Uncommon trap: reason=class_check action=maybe_recompile pc=0x0000000002cc8f78 method=com.sun.org.apache.xerces.internal.parsers.AbstractSAXParser$AttributesProxy.getLength()I @ 4
Event: 17420.555 Thread 0x000000001af2a000 Uncommon trap: reason=class_check action=maybe_recompile pc=0x0000000004285b80 method=com.sun.org.apache.xerces.internal.parsers.AbstractSAXParser$AttributesProxy.getQName(I)Ljava/lang/String; @ 5
Event: 17420.555 Thread 0x000000001af2a000 Uncommon trap: reason=class_check action=maybe_recompile pc=0x0000000004285b80 method=com.sun.org.apache.xerces.internal.parsers.AbstractSAXParser$AttributesProxy.getQName(I)Ljava/lang/String; @ 5
Event: 17420.555 Thread 0x000000001af2a000 Uncommon trap: reason=class_check action=maybe_recompile pc=0x0000000004285b80 method=com.sun.org.apache.xerces.internal.parsers.AbstractSAXParser$AttributesProxy.getQName(I)Ljava/lang/String; @ 5
Event: 17420.555 Thread 0x000000001af2a000 Uncommon trap: reason=class_check action=maybe_recompile pc=0x0000000004285b80 method=com.sun.org.apache.xerces.internal.parsers.AbstractSAXParser$AttributesProxy.getQName(I)Ljava/lang/String; @ 5

Internal exceptions (10 events):
Event: 17420.479 Thread 0x000000001af2a000 Exception <a 'java/security/PrivilegedActionException'> (0x00000000eb0d0698) thrown at [D:\re\workspace\8-2-build-windows-amd64-cygwin\jdk8u5\2488\hotspot\src\share\vm\prims\jvm.cpp, line 1248]
Event: 17420.479 Thread 0x000000001af2a000 Exception <a 'java/security/PrivilegedActionException'> (0x00000000eb0d8e38) thrown at [D:\re\workspace\8-2-build-windows-amd64-cygwin\jdk8u5\2488\hotspot\src\share\vm\prims\jvm.cpp, line 1248]
Event: 17420.480 Thread 0x000000001af2a000 Exception <a 'java/security/PrivilegedActionException'> (0x00000000eb0e3fd0) thrown at [D:\re\workspace\8-2-build-windows-amd64-cygwin\jdk8u5\2488\hotspot\src\share\vm\prims\jvm.cpp, line 1248]
Event: 17420.481 Thread 0x000000001af2a000 Exception <a 'java/security/PrivilegedActionException'> (0x00000000eb0e90f8) thrown at [D:\re\workspace\8-2-build-windows-amd64-cygwin\jdk8u5\2488\hotspot\src\share\vm\prims\jvm.cpp, line 1248]
Event: 17420.481 Thread 0x000000001af2a000 Exception <a 'java/security/PrivilegedActionException'> (0x00000000eb0ea588) thrown at [D:\re\workspace\8-2-build-windows-amd64-cygwin\jdk8u5\2488\hotspot\src\share\vm\prims\jvm.cpp, line 1248]
Event: 17420.481 Thread 0x000000001af2a000 Exception <a 'java/security/PrivilegedActionException'> (0x00000000eb0f3940) thrown at [D:\re\workspace\8-2-build-windows-amd64-cygwin\jdk8u5\2488\hotspot\src\share\vm\prims\jvm.cpp, line 1248]
Event: 17420.482 Thread 0x000000001af2a000 Exception <a 'java/security/PrivilegedActionException'> (0x00000000eb0f6528) thrown at [D:\re\workspace\8-2-build-windows-amd64-cygwin\jdk8u5\2488\hotspot\src\share\vm\prims\jvm.cpp, line 1248]
Event: 17420.483 Thread 0x000000001af2a000 Exception <a 'java/security/PrivilegedActionException'> (0x00000000eb0fbcf8) thrown at [D:\re\workspace\8-2-build-windows-amd64-cygwin\jdk8u5\2488\hotspot\src\share\vm\prims\jvm.cpp, line 1248]
Event: 17420.483 Thread 0x000000001af2a000 Exception <a 'java/security/PrivilegedActionException'> (0x00000000eb0fd528) thrown at [D:\re\workspace\8-2-build-windows-amd64-cygwin\jdk8u5\2488\hotspot\src\share\vm\prims\jvm.cpp, line 1248]
Event: 17420.483 Thread 0x000000001af2a000 Exception <a 'java/security/PrivilegedActionException'> (0x00000000eb1074f0) thrown at [D:\re\workspace\8-2-build-windows-amd64-cygwin\jdk8u5\2488\hotspot\src\share\vm\prims\jvm.cpp, line 1248]

Events (10 events):
Event: 17420.555 Thread 0x000000001af2a000 Uncommon trap: trap_request=0xffffffde fr.pc=0x0000000004285b80
Event: 17420.555 Thread 0x000000001af2a000 DEOPT PACKING pc=0x0000000004285b80 sp=0x000000001861af90
Event: 17420.555 Thread 0x000000001af2a000 DEOPT UNPACKING pc=0x00000000021c55af sp=0x000000001861af30 mode 2
Event: 17420.555 Thread 0x000000001af2a000 Uncommon trap: trap_request=0xffffffde fr.pc=0x0000000004285b80
Event: 17420.555 Thread 0x000000001af2a000 DEOPT PACKING pc=0x0000000004285b80 sp=0x000000001861af80
Event: 17420.555 Thread 0x000000001af2a000 DEOPT UNPACKING pc=0x00000000021c55af sp=0x000000001861af20 mode 2
Event: 17420.555 Thread 0x000000001af2a000 Uncommon trap: trap_request=0xffffffde fr.pc=0x0000000004285b80
Event: 17420.556 Thread 0x000000001af2a000 DEOPT PACKING pc=0x0000000004285b80 sp=0x000000001861b000
Event: 17420.556 Thread 0x000000001af2a000 DEOPT UNPACKING pc=0x00000000021c55af sp=0x000000001861afa0 mode 2
Event: 17421.272 Executing VM operation: ParallelGCFailedAllocation


Dynamic libraries:
0x00007ff7371a0000 - 0x00007ff7371d4000 	C:\Program Files\Java\jdk1.8.0_05\bin\java.exe
0x00007ffb00820000 - 0x00007ffb009cd000 	C:\Windows\SYSTEM32\ntdll.dll
0x00007ffafe3a0000 - 0x00007ffafe4de000 	C:\Windows\system32\KERNEL32.DLL
0x00007ffafda80000 - 0x00007ffafdb95000 	C:\Windows\system32\KERNELBASE.dll
0x00007ffafc500000 - 0x00007ffafc58e000 	C:\Windows\system32\apphelp.dll
0x00007ffaf9170000 - 0x00007ffaf91c3000 	C:\Windows\AppPatch\AppPatch64\AcGenral.DLL
0x00007ffafe4e0000 - 0x00007ffafe58a000 	C:\Windows\system32\msvcrt.dll
0x00007ffafdd80000 - 0x00007ffafddae000 	C:\Windows\system32\SspiCli.dll
0x00007ffafe340000 - 0x00007ffafe394000 	C:\Windows\system32\SHLWAPI.dll
0x00007ffafe1c0000 - 0x00007ffafe337000 	C:\Windows\system32\USER32.dll
0x00007ffb000c0000 - 0x00007ffb00254000 	C:\Windows\system32\ole32.dll
0x00007ffafea10000 - 0x00007ffafff3a000 	C:\Windows\system32\SHELL32.dll
0x00007ffafcf60000 - 0x00007ffafcf81000 	C:\Windows\SYSTEM32\USERENV.dll
0x00007ffb00010000 - 0x00007ffb000ba000 	C:\Windows\system32\ADVAPI32.dll
0x00007ffaf51a0000 - 0x00007ffaf51be000 	C:\Windows\SYSTEM32\MPR.dll
0x00007ffb006d0000 - 0x00007ffb00810000 	C:\Windows\system32\RPCRT4.dll
0x00007ffafe9b0000 - 0x00007ffafea09000 	C:\Windows\SYSTEM32\sechost.dll
0x00007ffb003e0000 - 0x00007ffb005f1000 	C:\Windows\SYSTEM32\combase.dll
0x00007ffafe030000 - 0x00007ffafe17f000 	C:\Windows\system32\GDI32.dll
0x00007ffafd950000 - 0x00007ffafd965000 	C:\Windows\SYSTEM32\profapi.dll
0x00007ffafbf30000 - 0x00007ffafbfe2000 	C:\Windows\SYSTEM32\SHCORE.dll
0x00007ffafe180000 - 0x00007ffafe1b6000 	C:\Windows\system32\IMM32.DLL
0x00007ffafded0000 - 0x00007ffafe022000 	C:\Windows\system32\MSCTF.dll
0x00007ffafba90000 - 0x00007ffafbd0b000 	C:\Windows\WinSxS\amd64_microsoft.windows.common-controls_6595b64144ccf1df_6.0.9600.18006_none_623f33d3ecbe86e8\COMCTL32.dll
0x000000006d760000 - 0x000000006d832000 	C:\Program Files\Java\jdk1.8.0_05\jre\bin\msvcr100.dll
0x000000006ebf0000 - 0x000000006f41a000 	C:\Program Files\Java\jdk1.8.0_05\jre\bin\server\jvm.dll
0x00007ffaf4d30000 - 0x00007ffaf4d39000 	C:\Windows\SYSTEM32\WSOCK32.dll
0x00007ffafb480000 - 0x00007ffafb4a2000 	C:\Windows\SYSTEM32\WINMM.dll
0x00007ffafe7e0000 - 0x00007ffafe7e7000 	C:\Windows\system32\PSAPI.DLL
0x00007ffb00260000 - 0x00007ffb002ba000 	C:\Windows\system32\WS2_32.dll
0x00007ffafb440000 - 0x00007ffafb46a000 	C:\Windows\SYSTEM32\WINMMBASE.dll
0x00007ffafff40000 - 0x00007ffafff49000 	C:\Windows\system32\NSI.dll
0x00007ffafde60000 - 0x00007ffafdeaf000 	C:\Windows\SYSTEM32\cfgmgr32.dll
0x00007ffafc750000 - 0x00007ffafc778000 	C:\Windows\SYSTEM32\DEVOBJ.dll
0x000000006eb00000 - 0x000000006eb0f000 	C:\Program Files\Java\jdk1.8.0_05\jre\bin\verify.dll
0x000000006ead0000 - 0x000000006eaf8000 	C:\Program Files\Java\jdk1.8.0_05\jre\bin\java.dll
0x000000006eab0000 - 0x000000006eac6000 	C:\Program Files\Java\jdk1.8.0_05\jre\bin\zip.dll
0x000000006ea90000 - 0x000000006eaaa000 	C:\Program Files\Java\jdk1.8.0_05\jre\bin\net.dll
0x00007ffafd1d0000 - 0x00007ffafd229000 	C:\Windows\system32\mswsock.dll
0x000000006ea70000 - 0x000000006ea81000 	C:\Program Files\Java\jdk1.8.0_05\jre\bin\nio.dll
0x00007ffaf8ef0000 - 0x00007ffaf8f02000 	C:\Users\jh\.gradle\native\19\windows-amd64\native-platform.dll
0x00007ffaf7dc0000 - 0x00007ffaf7dea000 	C:\Windows\SYSTEM32\IPHLPAPI.DLL
0x00007ffaf7da0000 - 0x00007ffaf7daa000 	C:\Windows\SYSTEM32\WINNSI.DLL
0x00007ffaf7d70000 - 0x00007ffaf7d86000 	C:\Windows\SYSTEM32\dhcpcsvc6.DLL
0x00007ffaf75a0000 - 0x00007ffaf75ba000 	C:\Windows\SYSTEM32\dhcpcsvc.DLL
0x00007ffafd2a0000 - 0x00007ffafd2c0000 	C:\Windows\SYSTEM32\CRYPTSP.dll
0x00007ffafce50000 - 0x00007ffafce86000 	C:\Windows\system32\rsaenh.dll
0x00007ffafd4f0000 - 0x00007ffafd516000 	C:\Windows\SYSTEM32\bcrypt.dll
0x00007ffafd820000 - 0x00007ffafd883000 	C:\Windows\system32\bcryptprimitives.dll
0x00007ffafd890000 - 0x00007ffafd89b000 	C:\Windows\SYSTEM32\CRYPTBASE.dll
0x000000006e6f0000 - 0x000000006e6fd000 	C:\Program Files\Java\jdk1.8.0_05\jre\bin\management.dll
0x00007ffaf2ee0000 - 0x00007ffaf3069000 	C:\Windows\SYSTEM32\dbghelp.dll

VM Arguments:
jvm_args: -XX:MaxPermSize=256m -XX:+HeapDumpOnOutOfMemoryError -Xmx1024m -Dfile.encoding=GBK -Duser.country=CN -Duser.language=zh -Duser.variant 
java_command: org.gradle.launcher.daemon.bootstrap.GradleDaemon 2.4 C:\Users\jh\.gradle C:\Users\jh\.gradle\daemon 10800000 1245cb08-ccde-4b31-b137-29b8fc64cf91 -XX:MaxPermSize=256m -XX:+HeapDumpOnOutOfMemoryError -Xmx1024m -Dfile.encoding=GBK -Duser.country=CN -Duser.language=zh -Duser.variant
java_class_path (initial): C:\Program Files\Android\Android Studio\gradle\gradle-2.4\lib\gradle-launcher-2.4.jar
Launcher Type: SUN_STANDARD

Environment Variables:
JAVA_HOME=C:\Program Files\Java\jdk1.8.0_05
CLASSPATH=C:\Program Files\Java\jdk1.8.0_05\jre\lib;D:\apache-tomcat-8.0.5\lib
PATH=C:\Program Files\Java\jdk1.8.0_05\bin;D:\apache-tomcat-8.0.5\lib;C:\Program Files\Microsoft SQL Server\Client SDK\ODBC\110\Tools\Binn\;C:\Program Files (x86)\Microsoft SQL Server\120\Tools\Binn\ManagementStudio\;C:\Program Files (x86)\Microsoft SQL Server\120\Tools\Binn\;C:\Program Files\Microsoft SQL Server\120\Tools\Binn\;C:\Program Files (x86)\Microsoft SQL Server\120\DTS\Binn\;C:\Program Files\Microsoft SQL Server\120\DTS\Binn\;D:\QTSystem\;C:\Program Files\MySQL\MySQL Server 5.5\bin
USERNAME=jh
OS=Windows_NT
PROCESSOR_IDENTIFIER=Intel64 Family 6 Model 69 Stepping 1, GenuineIntel



---------------  S Y S T E M  ---------------

OS: Windows 8.1 , 64 bit Build 9600 

CPU:total 4 (2 cores per cpu, 2 threads per core) family 6 model 69 stepping 1, cmov, cx8, fxsr, mmx, sse, sse2, sse3, ssse3, sse4.1, sse4.2, popcnt, avx, avx2, aes, clmul, erms, ht, tsc, tscinvbit

Memory: 4k page, physical 12463396k(5929308k free), swap 14511396k(7075420k free)

vm_info: Java HotSpot(TM) 64-Bit Server VM (25.5-b02) for windows-amd64 JRE (1.8.0_05-b13), built on Mar 18 2014 01:08:39 by "java_re" with MS VC++ 10.0 (VS2010)

time: Fri Jul 22 14:15:39 2016
elapsed time: 17421 seconds

